<?xml version="1.0" encoding="UTF-8"?>
<testng-results ignored="0" total="1" passed="1" failed="0" skipped="0">
  <reporter-output>
  </reporter-output>
  <suite started-at="2020-03-24T13:15:41 IST" name="Default suite" finished-at="2020-03-24T13:15:46 IST" duration-ms="4666">
    <groups>
    </groups>
    <test started-at="2020-03-24T13:15:41 IST" name="Default test" finished-at="2020-03-24T13:15:46 IST" duration-ms="4666">
      <class name="com.w2a.testcase.BankManagerLogintest">
        <test-method is-config="true" signature="Setup()[pri:0, instance:com.w2a.testcase.BankManagerLogintest@291b4bf5]" started-at="2020-03-24T13:15:22 IST" name="Setup" finished-at="2020-03-24T13:15:41 IST" duration-ms="19092" status="PASS">
          <reporter-output>
          </reporter-output>
        </test-method> <!-- Setup -->
        <test-method signature="loginAsBankManager()[pri:0, instance:com.w2a.testcase.BankManagerLogintest@291b4bf5]" started-at="2020-03-24T13:15:41 IST" name="loginAsBankManager" finished-at="2020-03-24T13:15:46 IST" duration-ms="4622" status="PASS">
          <reporter-output>
          </reporter-output>
        </test-method> <!-- loginAsBankManager -->
        <test-method is-config="true" signature="teardown()[pri:0, instance:com.w2a.testcase.BankManagerLogintest@291b4bf5]" started-at="2020-03-24T13:15:46 IST" name="teardown" finished-at="2020-03-24T13:15:47 IST" duration-ms="990" status="PASS">
          <reporter-output>
          </reporter-output>
        </test-method> <!-- teardown -->
      </class> <!-- com.w2a.testcase.BankManagerLogintest -->
    </test> <!-- Default test -->
  </suite> <!-- Default suite -->
</testng-results>
